[34m@novem-ui/tooltip:build: [0mcache hit, replaying output [2mdd8ab97a225ac5ef[0m
[34m@novem-ui/tooltip:build: [0m$ yarn build:esm && yarn build:types && yarn build:package-json
[34m@novem-ui/tooltip:build: [0m$ ../../node_modules/.bin/babel . --root-mode upward --extensions .ts,.tsx -d ../../dist/tooltip --source-maps
[34m@novem-ui/tooltip:build: [0mBrowserslist: caniuse-lite is outdated. Please run:
[34m@novem-ui/tooltip:build: [0mnpx browserslist@latest --update-db
[34m@novem-ui/tooltip:build: [0m
[34m@novem-ui/tooltip:build: [0mWhy you should do it regularly:
[34m@novem-ui/tooltip:build: [0mhttps://github.com/browserslist/browserslist#browsers-data-updating
[34m@novem-ui/tooltip:build: [0m
[34m@novem-ui/tooltip:build: [0mWARNING (@babel/preset-env): We noticed you're using the `useBuiltIns` option without declaring a core-js version. Currently, we assume version 2.x when no version is passed. Since this default version will likely change in future versions of Babel, we recommend explicitly setting the core-js version you are using via the `corejs` option.
[34m@novem-ui/tooltip:build: [0m
[34m@novem-ui/tooltip:build: [0mYou should also be sure that the version you pass to the `corejs` option matches the version specified in your `package.json`'s `dependencies` section. If it doesn't, you need to run one of the following commands:
[34m@novem-ui/tooltip:build: [0m
[34m@novem-ui/tooltip:build: [0m  npm install --save core-js@2    npm install --save core-js@3
[34m@novem-ui/tooltip:build: [0m  yarn add core-js@2              yarn add core-js@3
[34m@novem-ui/tooltip:build: [0m
[34m@novem-ui/tooltip:build: [0mMore info about useBuiltIns: https://babeljs.io/docs/en/babel-preset-env#usebuiltins
[34m@novem-ui/tooltip:build: [0mMore info about core-js: https://babeljs.io/docs/en/babel-preset-env#corejs
[34m@novem-ui/tooltip:build: [0mSuccessfully compiled 3 files with Babel (494ms).
[34m@novem-ui/tooltip:build: [0m$ tsc -p ./tsconfig.types.json
[34m@novem-ui/tooltip:build: [0m$ ../../scripts/create-package.js
